#
# There is insufficient memory for the Java Runtime Environment to continue.
# Native memory allocation (malloc) failed to allocate 32744 bytes for ChunkPool::allocate
# Possible reasons:
#   The system is out of physical RAM or swap space
#   The process is running with CompressedOops enabled, and the Java Heap may be blocking the growth of the native heap
# Possible solutions:
#   Reduce memory load on the system
#   Increase physical memory or swap space
#   Check if swap backing store is full
#   Decrease Java heap size (-Xmx/-Xms)
#   Decrease number of Java threads
#   Decrease Java thread stack sizes (-Xss)
#   Set larger code cache with -XX:ReservedCodeCacheSize=
#   JVM is running with Zero Based Compressed Oops mode in which the Java heap is
#     placed in the first 32GB address space. The Java Heap base address is the
#     maximum limit for the native heap growth. Please use -XX:HeapBaseMinAddress
#     to set the Java Heap base and to place the Java Heap above 32GB virtual address.
# This output file may be truncated or incomplete.
#
#  Out of Memory Error (arena.cpp:78), pid=12776, tid=34208
#
# JRE version: OpenJDK Runtime Environment (17.0.1+12) (build 17.0.1+12-39)
# Java VM: OpenJDK 64-Bit Server VM (17.0.1+12-39, mixed mode, sharing, tiered, compressed oops, compressed class ptrs, g1 gc, windows-amd64)
# No core dump will be written. Minidumps are not enabled by default on client versions of Windows
#

---------------  S U M M A R Y ------------

Command Line: -javaagent:C:\Program Files\JetBrains\IntelliJ IDEA Community Edition 2020.3.2\lib\idea_rt.jar=65356:C:\Program Files\JetBrains\IntelliJ IDEA Community Edition 2020.3.2\bin -Dfile.encoding=UTF-8 Launcher

Host: Intel(R) Core(TM) i5-6600K CPU @ 3.50GHz, 4 cores, 15G,  Windows 10 , 64 bit Build 19041 (10.0.19041.1889)
Time: Fri Aug 19 17:10:47 2022 GMT Summer Time elapsed time: 57.334013 seconds (0d 0h 0m 57s)

---------------  T H R E A D  ---------------

Current thread (0x0000020b7fd50b10):  JavaThread "C1 CompilerThread0" daemon [_thread_in_native, id=34208, stack(0x00000056aca00000,0x00000056acb00000)]


Current CompileTask:
C1:  57334 3438   !   3       sun.java2d.d3d.D3DBlitLoops::Blit (164 bytes)

Stack: [0x00000056aca00000,0x00000056acb00000]
Native frames: (J=compiled Java code, j=interpreted, Vv=VM code, C=native code)
V  [jvm.dll+0x66fa1a]
V  [jvm.dll+0x7ce5a4]
V  [jvm.dll+0x7cfd4e]
V  [jvm.dll+0x7d03b3]
V  [jvm.dll+0x242b05]
V  [jvm.dll+0xaa2a0]
V  [jvm.dll+0xaa5ec]
V  [jvm.dll+0x1758f4]
V  [jvm.dll+0x1780b1]
V  [jvm.dll+0x1323c3]
V  [jvm.dll+0x131cbf]
V  [jvm.dll+0x131ef6]
V  [jvm.dll+0x13138a]
V  [jvm.dll+0x133051]
V  [jvm.dll+0x224848]
V  [jvm.dll+0x2229ac]
V  [jvm.dll+0x78435b]
V  [jvm.dll+0x77e91a]
V  [jvm.dll+0x66e845]
C  [ucrtbase.dll+0x21bb2]
C  [KERNEL32.DLL+0x17034]
C  [ntdll.dll+0x52651]


---------------  P R O C E S S  ---------------

Threads class SMR info:
_java_thread_list=0x0000020b0feea6f0, length=22, elements={
0x0000020b7fd33230, 0x0000020b7fd34750, 0x0000020b7fd44660, 0x0000020b7fd47030,
0x0000020b7fd48090, 0x0000020b7fd48950, 0x0000020b7fd4ada0, 0x0000020b7fd50b10,
0x0000020b7fd6bb90, 0x0000020b7fd16f70, 0x0000020b06a6eec0, 0x0000020b06a6f390,
0x0000020b06bd07a0, 0x0000020b06beb140, 0x0000020b06bebf10, 0x0000020b07483330,
0x0000020b074fd2b0, 0x0000020b07875cf0, 0x0000020b07878d10, 0x0000020b07876690,
0x0000020b07878370, 0x0000020b07876b60
}

Java Threads: ( => current thread )
  0x0000020b7fd33230 JavaThread "Reference Handler" daemon [_thread_blocked, id=31752, stack(0x00000056ac300000,0x00000056ac400000)]
  0x0000020b7fd34750 JavaThread "Finalizer" daemon [_thread_blocked, id=34368, stack(0x00000056ac400000,0x00000056ac500000)]
  0x0000020b7fd44660 JavaThread "Signal Dispatcher" daemon [_thread_blocked, id=7000, stack(0x00000056ac500000,0x00000056ac600000)]
  0x0000020b7fd47030 JavaThread "Attach Listener" daemon [_thread_blocked, id=32612, stack(0x00000056ac600000,0x00000056ac700000)]
  0x0000020b7fd48090 JavaThread "Service Thread" daemon [_thread_blocked, id=34728, stack(0x00000056ac700000,0x00000056ac800000)]
  0x0000020b7fd48950 JavaThread "Monitor Deflation Thread" daemon [_thread_blocked, id=1284, stack(0x00000056ac800000,0x00000056ac900000)]
  0x0000020b7fd4ada0 JavaThread "C2 CompilerThread0" daemon [_thread_in_vm, id=20640, stack(0x00000056ac900000,0x00000056aca00000)]
=>0x0000020b7fd50b10 JavaThread "C1 CompilerThread0" daemon [_thread_in_native, id=34208, stack(0x00000056aca00000,0x00000056acb00000)]
  0x0000020b7fd6bb90 JavaThread "Sweeper thread" daemon [_thread_blocked, id=7184, stack(0x00000056acb00000,0x00000056acc00000)]
  0x0000020b7fd16f70 JavaThread "Common-Cleaner" daemon [_thread_blocked, id=33188, stack(0x00000056acc00000,0x00000056acd00000)]
  0x0000020b06a6eec0 JavaThread "Monitor Ctrl-Break" daemon [_thread_in_native, id=30956, stack(0x00000056acd00000,0x00000056ace00000)]
  0x0000020b06a6f390 JavaThread "Notification Thread" daemon [_thread_blocked, id=32908, stack(0x00000056ace00000,0x00000056acf00000)]
  0x0000020b06bd07a0 JavaThread "Java2D Disposer" daemon [_thread_blocked, id=32588, stack(0x00000056ad000000,0x00000056ad100000)]
  0x0000020b06beb140 JavaThread "AWT-Shutdown" [_thread_blocked, id=16492, stack(0x00000056ad100000,0x00000056ad200000)]
  0x0000020b06bebf10 JavaThread "AWT-Windows" daemon [_thread_in_native, id=16248, stack(0x00000056ad200000,0x00000056ad300000)]
  0x0000020b07483330 JavaThread "AWT-EventQueue-0" [_thread_blocked, id=28432, stack(0x00000056ae000000,0x00000056ae100000)]
  0x0000020b074fd2b0 JavaThread "D3D Screen Updater" daemon [_thread_blocked, id=27696, stack(0x00000056ae200000,0x00000056ae300000)]
  0x0000020b07875cf0 JavaThread "Swing-Shell" daemon [_thread_blocked, id=3748, stack(0x00000056aeb00000,0x00000056aec00000)]
  0x0000020b07878d10 JavaThread "Java Sound Event Dispatcher" daemon [_thread_blocked, id=18588, stack(0x00000056af000000,0x00000056af100000)]
  0x0000020b07876690 JavaThread "Thread-0" [_thread_in_Java, id=33960, stack(0x00000056af400000,0x00000056af500000)]
  0x0000020b07878370 JavaThread "DestroyJavaVM" [_thread_blocked, id=34516, stack(0x00000056abc00000,0x00000056abd00000)]
  0x0000020b07876b60 JavaThread "TimerQueue" daemon [_thread_blocked, id=31852, stack(0x00000056af600000,0x00000056af700000)]

Other Threads:
  0x0000020b7fd2d6c0 VMThread "VM Thread" [stack: 0x00000056ac200000,0x00000056ac300000] [id=32028]
  0x0000020b06a6a950 WatcherThread [stack: 0x00000056acf00000,0x00000056ad000000] [id=13932]
  0x0000020b6390a890 GCTaskThread "GC Thread#0" [stack: 0x00000056abd00000,0x00000056abe00000] [id=33160]
  0x0000020b07625410 GCTaskThread "GC Thread#1" [stack: 0x00000056ae400000,0x00000056ae500000] [id=33308]
  0x0000020b075ae6a0 GCTaskThread "GC Thread#2" [stack: 0x00000056ae500000,0x00000056ae600000] [id=30820]
  0x0000020b075ae950 GCTaskThread "GC Thread#3" [stack: 0x00000056ae600000,0x00000056ae700000] [id=32568]
  0x0000020b6391c5b0 ConcurrentGCThread "G1 Main Marker" [stack: 0x00000056abe00000,0x00000056abf00000] [id=20032]
  0x0000020b6391ced0 ConcurrentGCThread "G1 Conc#0" [stack: 0x00000056abf00000,0x00000056ac000000] [id=33856]
  0x0000020b6399e940 ConcurrentGCThread "G1 Refine#0" [stack: 0x00000056ac000000,0x00000056ac100000] [id=32096]
  0x0000020b0758f390 ConcurrentGCThread "G1 Refine#1" [stack: 0x00000056ae700000,0x00000056ae800000] [id=30372]
  0x0000020b7fbe28a0 ConcurrentGCThread "G1 Service" [stack: 0x00000056ac100000,0x00000056ac200000] [id=34772]

Threads with active compile tasks:
C2 CompilerThread0    57374 3439   !   4       sun.java2d.SurfaceDataProxy::replaceData (329 bytes)
C1 CompilerThread0    57374 3438   !   3       sun.java2d.d3d.D3DBlitLoops::Blit (164 bytes)

VM state: not at safepoint (normal execution)

VM Mutex/Monitor currently owned by a thread: None

Heap address: 0x0000000701400000, size: 4076 MB, Compressed Oops mode: Zero based, Oop shift amount: 3

CDS archive(s) mapped at: [0x0000000800000000-0x0000000800bc0000-0x0000000800bc0000), size 12320768, SharedBaseAddress: 0x0000000800000000, ArchiveRelocationMode: 0.
Compressed class space mapped at: 0x0000000800c00000-0x0000000840c00000, reserved size: 1073741824
Narrow klass base: 0x0000000800000000, Narrow klass shift: 0, Narrow klass range: 0x100000000

GC Precious Log:
 CPUs: 4 total, 4 available
 Memory: 16303M
 Large Page Support: Disabled
 NUMA Support: Disabled
 Compressed Oops: Enabled (Zero based)
 Heap Region Size: 2M
 Heap Min Capacity: 8M
 Heap Initial Capacity: 256M
 Heap Max Capacity: 4076M
 Pre-touch: Disabled
 Parallel Workers: 4
 Concurrent Workers: 1
 Concurrent Refinement Workers: 4
 Periodic GC: Disabled

Heap:
 garbage-first heap   total 370688K, used 296559K [0x0000000701400000, 0x0000000800000000)
  region size 2048K, 94 young (192512K), 1 survivors (2048K)
 Metaspace       used 14380K, committed 14592K, reserved 1064960K
  class space    used 1662K, committed 1728K, reserved 1048576K

Heap Regions: E=young(eden), S=young(survivor), O=old, HS=humongous(starts), HC=humongous(continues), CS=collection set, F=free, OA=open archive, CA=closed archive, TAMS=top-at-mark-start (previous, next)
|   0|0x0000000701400000, 0x0000000701600000, 0x0000000701600000|100%| O|  |TAMS 0x0000000701400000, 0x0000000701400000| Untracked 
|   1|0x0000000701600000, 0x0000000701800000, 0x0000000701800000|100%| O|  |TAMS 0x0000000701600000, 0x0000000701600000| Untracked 
|   2|0x0000000701800000, 0x0000000701a00000, 0x0000000701a00000|100%| O|  |TAMS 0x0000000701800000, 0x0000000701800000| Untracked 
|   3|0x0000000701a00000, 0x0000000701c00000, 0x0000000701c00000|100%| O|  |TAMS 0x0000000701a00000, 0x0000000701a00000| Untracked 
|   4|0x0000000701c00000, 0x0000000701e00000, 0x0000000701e00000|100%| O|  |TAMS 0x0000000701c00000, 0x0000000701c00000| Untracked 
|   5|0x0000000701e00000, 0x0000000702000000, 0x0000000702000000|100%| O|  |TAMS 0x0000000701e00000, 0x0000000701e00000| Untracked 
|   6|0x0000000702000000, 0x0000000702200000, 0x0000000702200000|100%| O|  |TAMS 0x0000000702000000, 0x0000000702000000| Untracked 
|   7|0x0000000702200000, 0x0000000702400000, 0x0000000702400000|100%| O|  |TAMS 0x0000000702200000, 0x0000000702200000| Untracked 
|   8|0x0000000702400000, 0x0000000702600000, 0x0000000702600000|100%| O|  |TAMS 0x0000000702400000, 0x0000000702400000| Untracked 
|   9|0x0000000702600000, 0x0000000702800000, 0x0000000702800000|100%| O|  |TAMS 0x0000000702600000, 0x0000000702600000| Untracked 
|  10|0x0000000702800000, 0x0000000702a00000, 0x0000000702a00000|100%| O|  |TAMS 0x0000000702800000, 0x0000000702800000| Untracked 
|  11|0x0000000702a00000, 0x0000000702c00000, 0x0000000702c00000|100%| O|  |TAMS 0x0000000702a00000, 0x0000000702a00000| Untracked 
|  12|0x0000000702c00000, 0x0000000702e00000, 0x0000000702e00000|100%| O|  |TAMS 0x0000000702c00000, 0x0000000702c00000| Untracked 
|  13|0x0000000702e00000, 0x0000000703000000, 0x0000000703000000|100%| O|  |TAMS 0x0000000702e00000, 0x0000000702e00000| Untracked 
|  14|0x0000000703000000, 0x0000000703200000, 0x0000000703200000|100%| O|  |TAMS 0x0000000703000000, 0x0000000703000000| Untracked 
|  15|0x0000000703200000, 0x0000000703400000, 0x0000000703400000|100%| O|  |TAMS 0x0000000703200000, 0x0000000703200000| Untracked 
|  16|0x0000000703400000, 0x0000000703600000, 0x0000000703600000|100%| O|  |TAMS 0x0000000703400000, 0x0000000703400000| Untracked 
|  17|0x0000000703600000, 0x0000000703800000, 0x0000000703800000|100%| O|  |TAMS 0x0000000703600000, 0x0000000703600000| Untracked 
|  18|0x0000000703800000, 0x0000000703a00000, 0x0000000703a00000|100%| O|  |TAMS 0x0000000703800000, 0x0000000703800000| Untracked 
|  19|0x0000000703a00000, 0x0000000703c00000, 0x0000000703c00000|100%| O|  |TAMS 0x0000000703a00000, 0x0000000703a00000| Untracked 
|  20|0x0000000703c00000, 0x0000000703e00000, 0x0000000703e00000|100%| O|  |TAMS 0x0000000703c00000, 0x0000000703c00000| Untracked 
|  21|0x0000000703e00000, 0x0000000704000000, 0x0000000704000000|100%| O|  |TAMS 0x0000000703e00000, 0x0000000703e00000| Untracked 
|  22|0x0000000704000000, 0x0000000704200000, 0x0000000704200000|100%| O|  |TAMS 0x0000000704000000, 0x0000000704000000| Untracked 
|  23|0x0000000704200000, 0x0000000704400000, 0x0000000704400000|100%| O|  |TAMS 0x0000000704200000, 0x0000000704200000| Untracked 
|  24|0x0000000704400000, 0x0000000704600000, 0x0000000704600000|100%| O|  |TAMS 0x0000000704400000, 0x0000000704400000| Untracked 
|  25|0x0000000704600000, 0x0000000704800000, 0x0000000704800000|100%| O|  |TAMS 0x0000000704600000, 0x0000000704600000| Untracked 
|  26|0x0000000704800000, 0x0000000704a00000, 0x0000000704a00000|100%| O|  |TAMS 0x0000000704800000, 0x0000000704800000| Untracked 
|  27|0x0000000704a00000, 0x0000000704c00000, 0x0000000704c00000|100%| O|  |TAMS 0x0000000704a00000, 0x0000000704a00000| Untracked 
|  28|0x0000000704c00000, 0x0000000704e00000, 0x0000000704e00000|100%| O|  |TAMS 0x0000000704c00000, 0x0000000704c00000| Untracked 
|  29|0x0000000704e00000, 0x0000000705000000, 0x0000000705000000|100%| O|  |TAMS 0x0000000704e00000, 0x0000000704e00000| Untracked 
|  30|0x0000000705000000, 0x0000000705200000, 0x0000000705200000|100%| O|  |TAMS 0x0000000705000000, 0x0000000705000000| Untracked 
|  31|0x0000000705200000, 0x0000000705400000, 0x0000000705400000|100%| O|  |TAMS 0x0000000705200000, 0x0000000705200000| Untracked 
|  32|0x0000000705400000, 0x0000000705600000, 0x0000000705600000|100%| O|  |TAMS 0x0000000705400000, 0x0000000705400000| Untracked 
|  33|0x0000000705600000, 0x0000000705800000, 0x0000000705800000|100%| O|  |TAMS 0x0000000705600000, 0x0000000705600000| Untracked 
|  34|0x0000000705800000, 0x0000000705a00000, 0x0000000705a00000|100%| O|  |TAMS 0x0000000705800000, 0x0000000705800000| Untracked 
|  35|0x0000000705a00000, 0x0000000705c00000, 0x0000000705c00000|100%| O|  |TAMS 0x0000000705a00000, 0x0000000705a00000| Untracked 
|  36|0x0000000705c00000, 0x0000000705e00000, 0x0000000705e00000|100%| O|  |TAMS 0x0000000705c00000, 0x0000000705c00000| Untracked 
|  37|0x0000000705e00000, 0x0000000706000000, 0x0000000706000000|100%| O|  |TAMS 0x0000000705e00000, 0x0000000705e00000| Untracked 
|  38|0x0000000706000000, 0x0000000706200000, 0x0000000706200000|100%| O|  |TAMS 0x0000000706000000, 0x0000000706000000| Untracked 
|  39|0x0000000706200000, 0x0000000706400000, 0x0000000706400000|100%| O|  |TAMS 0x0000000706200000, 0x0000000706200000| Untracked 
|  40|0x0000000706400000, 0x0000000706600000, 0x0000000706600000|100%| O|  |TAMS 0x0000000706400000, 0x0000000706400000| Untracked 
|  41|0x0000000706600000, 0x0000000706800000, 0x0000000706800000|100%| O|  |TAMS 0x0000000706600000, 0x0000000706600000| Untracked 
|  42|0x0000000706800000, 0x0000000706a00000, 0x0000000706a00000|100%| O|  |TAMS 0x0000000706800000, 0x0000000706800000| Untracked 
|  43|0x0000000706a00000, 0x0000000706c00000, 0x0000000706c00000|100%| O|  |TAMS 0x0000000706a00000, 0x0000000706a00000| Untracked 
|  44|0x0000000706c00000, 0x0000000706e00000, 0x0000000706e00000|100%| O|  |TAMS 0x0000000706c00000, 0x0000000706c00000| Untracked 
|  45|0x0000000706e00000, 0x0000000707000000, 0x0000000707000000|100%| O|  |TAMS 0x0000000706e00000, 0x0000000706e00000| Untracked 
|  46|0x0000000707000000, 0x0000000707200000, 0x0000000707200000|100%| O|  |TAMS 0x0000000707000000, 0x0000000707000000| Untracked 
|  47|0x0000000707200000, 0x0000000707400000, 0x0000000707400000|100%| O|  |TAMS 0x0000000707200000, 0x0000000707200000| Untracked 
|  48|0x0000000707400000, 0x0000000707600000, 0x0000000707600000|100%| O|  |TAMS 0x0000000707400000, 0x0000000707400000| Untracked 
|  49|0x0000000707600000, 0x0000000707800000, 0x0000000707800000|100%| O|  |TAMS 0x0000000707600000, 0x0000000707600000| Untracked 
|  50|0x0000000707800000, 0x0000000707a00000, 0x0000000707a00000|100%| O|  |TAMS 0x0000000707800000, 0x0000000707800000| Untracked 
|  51|0x0000000707a00000, 0x0000000707c00000, 0x0000000707c00000|100%| O|  |TAMS 0x0000000707a00000, 0x0000000707a00000| Untracked 
|  52|0x0000000707c00000, 0x0000000707c3a800, 0x0000000707e00000| 11%| O|  |TAMS 0x0000000707c00000, 0x0000000707c00000| Untracked 
|  53|0x0000000707e00000, 0x0000000707e00000, 0x0000000708000000|  0%| F|  |TAMS 0x0000000707e00000, 0x0000000707e00000| Untracked 
|  54|0x0000000708000000, 0x0000000708000000, 0x0000000708200000|  0%| F|  |TAMS 0x0000000708000000, 0x0000000708000000| Untracked 
|  55|0x0000000708200000, 0x0000000708200000, 0x0000000708400000|  0%| F|  |TAMS 0x0000000708200000, 0x0000000708200000| Untracked 
|  56|0x0000000708400000, 0x0000000708400000, 0x0000000708600000|  0%| F|  |TAMS 0x0000000708400000, 0x0000000708400000| Untracked 
|  57|0x0000000708600000, 0x0000000708600000, 0x0000000708800000|  0%| F|  |TAMS 0x0000000708600000, 0x0000000708600000| Untracked 
|  58|0x0000000708800000, 0x0000000708800000, 0x0000000708a00000|  0%| F|  |TAMS 0x0000000708800000, 0x0000000708800000| Untracked 
|  59|0x0000000708a00000, 0x0000000708a00000, 0x0000000708c00000|  0%| F|  |TAMS 0x0000000708a00000, 0x0000000708a00000| Untracked 
|  60|0x0000000708c00000, 0x0000000708c00000, 0x0000000708e00000|  0%| F|  |TAMS 0x0000000708c00000, 0x0000000708c00000| Untracked 
|  61|0x0000000708e00000, 0x0000000708e00000, 0x0000000709000000|  0%| F|  |TAMS 0x0000000708e00000, 0x0000000708e00000| Untracked 
|  62|0x0000000709000000, 0x0000000709000000, 0x0000000709200000|  0%| F|  |TAMS 0x0000000709000000, 0x0000000709000000| Untracked 
|  63|0x0000000709200000, 0x0000000709200000, 0x0000000709400000|  0%| F|  |TAMS 0x0000000709200000, 0x0000000709200000| Untracked 
|  64|0x0000000709400000, 0x0000000709400000, 0x0000000709600000|  0%| F|  |TAMS 0x0000000709400000, 0x0000000709400000| Untracked 
|  65|0x0000000709600000, 0x0000000709600000, 0x0000000709800000|  0%| F|  |TAMS 0x0000000709600000, 0x0000000709600000| Untracked 
|  66|0x0000000709800000, 0x0000000709800000, 0x0000000709a00000|  0%| F|  |TAMS 0x0000000709800000, 0x0000000709800000| Untracked 
|  67|0x0000000709a00000, 0x0000000709a00000, 0x0000000709c00000|  0%| F|  |TAMS 0x0000000709a00000, 0x0000000709a00000| Untracked 
|  68|0x0000000709c00000, 0x0000000709c00000, 0x0000000709e00000|  0%| F|  |TAMS 0x0000000709c00000, 0x0000000709c00000| Untracked 
|  69|0x0000000709e00000, 0x0000000709e00000, 0x000000070a000000|  0%| F|  |TAMS 0x0000000709e00000, 0x0000000709e00000| Untracked 
|  70|0x000000070a000000, 0x000000070a000000, 0x000000070a200000|  0%| F|  |TAMS 0x000000070a000000, 0x000000070a000000| Untracked 
|  71|0x000000070a200000, 0x000000070a200000, 0x000000070a400000|  0%| F|  |TAMS 0x000000070a200000, 0x000000070a200000| Untracked 
|  72|0x000000070a400000, 0x000000070a5616b0, 0x000000070a600000| 69%| S|CS|TAMS 0x000000070a400000, 0x000000070a400000| Complete 
|  73|0x000000070a600000, 0x000000070a600000, 0x000000070a800000|  0%| F|  |TAMS 0x000000070a600000, 0x000000070a600000| Untracked 
|  74|0x000000070a800000, 0x000000070a800000, 0x000000070aa00000|  0%| F|  |TAMS 0x000000070a800000, 0x000000070a800000| Untracked 
|  75|0x000000070aa00000, 0x000000070aa00000, 0x000000070ac00000|  0%| F|  |TAMS 0x000000070aa00000, 0x000000070aa00000| Untracked 
|  76|0x000000070ac00000, 0x000000070ac00000, 0x000000070ae00000|  0%| F|  |TAMS 0x000000070ac00000, 0x000000070ac00000| Untracked 
|  77|0x000000070ae00000, 0x000000070ae00000, 0x000000070b000000|  0%| F|  |TAMS 0x000000070ae00000, 0x000000070ae00000| Untracked 
|  78|0x000000070b000000, 0x000000070b000000, 0x000000070b200000|  0%| F|  |TAMS 0x000000070b000000, 0x000000070b000000| Untracked 
|  79|0x000000070b200000, 0x000000070b200000, 0x000000070b400000|  0%| F|  |TAMS 0x000000070b200000, 0x000000070b200000| Untracked 
|  80|0x000000070b400000, 0x000000070b400000, 0x000000070b600000|  0%| F|  |TAMS 0x000000070b400000, 0x000000070b400000| Untracked 
|  81|0x000000070b600000, 0x000000070b600000, 0x000000070b800000|  0%| F|  |TAMS 0x000000070b600000, 0x000000070b600000| Untracked 
|  82|0x000000070b800000, 0x000000070b800000, 0x000000070ba00000|  0%| F|  |TAMS 0x000000070b800000, 0x000000070b800000| Untracked 
|  83|0x000000070ba00000, 0x000000070ba00000, 0x000000070bc00000|  0%| F|  |TAMS 0x000000070ba00000, 0x000000070ba00000| Untracked 
|  84|0x000000070bc00000, 0x000000070bc00000, 0x000000070be00000|  0%| F|  |TAMS 0x000000070bc00000, 0x000000070bc00000| Untracked 
|  85|0x000000070be00000, 0x000000070be00000, 0x000000070c000000|  0%| F|  |TAMS 0x000000070be00000, 0x000000070be00000| Untracked 
|  86|0x000000070c000000, 0x000000070c000000, 0x000000070c200000|  0%| F|  |TAMS 0x000000070c000000, 0x000000070c000000| Untracked 
|  87|0x000000070c200000, 0x000000070c200000, 0x000000070c400000|  0%| F|  |TAMS 0x000000070c200000, 0x000000070c200000| Untracked 
|  88|0x000000070c400000, 0x000000070c500800, 0x000000070c600000| 50%| E|  |TAMS 0x000000070c400000, 0x000000070c400000| Complete 
|  89|0x000000070c600000, 0x000000070c800000, 0x000000070c800000|100%| E|CS|TAMS 0x000000070c600000, 0x000000070c600000| Complete 
|  90|0x000000070c800000, 0x000000070ca00000, 0x000000070ca00000|100%| E|CS|TAMS 0x000000070c800000, 0x000000070c800000| Complete 
|  91|0x000000070ca00000, 0x000000070cc00000, 0x000000070cc00000|100%| E|CS|TAMS 0x000000070ca00000, 0x000000070ca00000| Complete 
|  92|0x000000070cc00000, 0x000000070ce00000, 0x000000070ce00000|100%| E|CS|TAMS 0x000000070cc00000, 0x000000070cc00000| Complete 
|  93|0x000000070ce00000, 0x000000070d000000, 0x000000070d000000|100%| E|CS|TAMS 0x000000070ce00000, 0x000000070ce00000| Complete 
|  94|0x000000070d000000, 0x000000070d200000, 0x000000070d200000|100%| E|CS|TAMS 0x000000070d000000, 0x000000070d000000| Complete 
|  95|0x000000070d200000, 0x000000070d400000, 0x000000070d400000|100%| E|CS|TAMS 0x000000070d200000, 0x000000070d200000| Complete 
|  96|0x000000070d400000, 0x000000070d600000, 0x000000070d600000|100%| E|CS|TAMS 0x000000070d400000, 0x000000070d400000| Complete 
|  97|0x000000070d600000, 0x000000070d800000, 0x000000070d800000|100%| E|CS|TAMS 0x000000070d600000, 0x000000070d600000| Complete 
|  98|0x000000070d800000, 0x000000070da00000, 0x000000070da00000|100%| E|CS|TAMS 0x000000070d800000, 0x000000070d800000| Complete 
|  99|0x000000070da00000, 0x000000070dc00000, 0x000000070dc00000|100%| E|CS|TAMS 0x000000070da00000, 0x000000070da00000| Complete 
| 100|0x000000070dc00000, 0x000000070de00000, 0x000000070de00000|100%| E|CS|TAMS 0x000000070dc00000, 0x000000070dc00000| Complete 
| 101|0x000000070de00000, 0x000000070e000000, 0x000000070e000000|100%| E|CS|TAMS 0x000000070de00000, 0x000000070de00000| Complete 
| 102|0x000000070e000000, 0x000000070e200000, 0x000000070e200000|100%| E|CS|TAMS 0x000000070e000000, 0x000000070e000000| Complete 
| 103|0x000000070e200000, 0x000000070e400000, 0x000000070e400000|100%| E|CS|TAMS 0x000000070e200000, 0x000000070e200000| Complete 
| 104|0x000000070e400000, 0x000000070e600000, 0x000000070e600000|100%| E|CS|TAMS 0x000000070e400000, 0x000000070e400000| Complete 
| 105|0x000000070e600000, 0x000000070e800000, 0x000000070e800000|100%| E|CS|TAMS 0x000000070e600000, 0x000000070e600000| Complete 
| 106|0x000000070e800000, 0x000000070ea00000, 0x000000070ea00000|100%| E|CS|TAMS 0x000000070e800000, 0x000000070e800000| Complete 
| 107|0x000000070ea00000, 0x000000070ec00000, 0x000000070ec00000|100%| E|CS|TAMS 0x000000070ea00000, 0x000000070ea00000| Complete 
| 108|0x000000070ec00000, 0x000000070ee00000, 0x000000070ee00000|100%| E|CS|TAMS 0x000000070ec00000, 0x000000070ec00000| Complete 
| 109|0x000000070ee00000, 0x000000070f000000, 0x000000070f000000|100%| E|CS|TAMS 0x000000070ee00000, 0x000000070ee00000| Complete 
| 110|0x000000070f000000, 0x000000070f200000, 0x000000070f200000|100%| E|CS|TAMS 0x000000070f000000, 0x000000070f000000| Complete 
| 111|0x000000070f200000, 0x000000070f400000, 0x000000070f400000|100%| E|CS|TAMS 0x000000070f200000, 0x000000070f200000| Complete 
| 112|0x000000070f400000, 0x000000070f600000, 0x000000070f600000|100%| E|CS|TAMS 0x000000070f400000, 0x000000070f400000| Complete 
| 113|0x000000070f600000, 0x000000070f800000, 0x000000070f800000|100%| E|CS|TAMS 0x000000070f600000, 0x000000070f600000| Complete 
| 114|0x000000070f800000, 0x000000070fa00000, 0x000000070fa00000|100%| E|CS|TAMS 0x000000070f800000, 0x000000070f800000| Complete 
| 115|0x000000070fa00000, 0x000000070fc00000, 0x000000070fc00000|100%| E|CS|TAMS 0x000000070fa00000, 0x000000070fa00000| Complete 
| 116|0x000000070fc00000, 0x000000070fe00000, 0x000000070fe00000|100%| E|CS|TAMS 0x000000070fc00000, 0x000000070fc00000| Complete 
| 117|0x000000070fe00000, 0x0000000710000000, 0x0000000710000000|100%| E|CS|TAMS 0x000000070fe00000, 0x000000070fe00000| Complete 
| 118|0x0000000710000000, 0x0000000710200000, 0x0000000710200000|100%| E|CS|TAMS 0x0000000710000000, 0x0000000710000000| Complete 
| 119|0x0000000710200000, 0x0000000710400000, 0x0000000710400000|100%| E|CS|TAMS 0x0000000710200000, 0x0000000710200000| Complete 
| 120|0x0000000710400000, 0x0000000710600000, 0x0000000710600000|100%| E|CS|TAMS 0x0000000710400000, 0x0000000710400000| Complete 
| 121|0x0000000710600000, 0x0000000710800000, 0x0000000710800000|100%| E|CS|TAMS 0x0000000710600000, 0x0000000710600000| Complete 
| 122|0x0000000710800000, 0x0000000710a00000, 0x0000000710a00000|100%| E|CS|TAMS 0x0000000710800000, 0x0000000710800000| Complete 
| 123|0x0000000710a00000, 0x0000000710c00000, 0x0000000710c00000|100%| E|CS|TAMS 0x0000000710a00000, 0x0000000710a00000| Complete 
| 124|0x0000000710c00000, 0x0000000710e00000, 0x0000000710e00000|100%| E|CS|TAMS 0x0000000710c00000, 0x0000000710c00000| Complete 
| 125|0x0000000710e00000, 0x0000000711000000, 0x0000000711000000|100%| E|CS|TAMS 0x0000000710e00000, 0x0000000710e00000| Complete 
| 126|0x0000000711000000, 0x0000000711200000, 0x0000000711200000|100%| E|CS|TAMS 0x0000000711000000, 0x0000000711000000| Complete 
| 127|0x0000000711200000, 0x0000000711400000, 0x0000000711400000|100%| E|CS|TAMS 0x0000000711200000, 0x0000000711200000| Complete 
| 128|0x0000000711400000, 0x0000000711600000, 0x0000000711600000|100%| E|CS|TAMS 0x0000000711400000, 0x0000000711400000| Complete 
| 129|0x0000000711600000, 0x0000000711800000, 0x0000000711800000|100%| E|CS|TAMS 0x0000000711600000, 0x0000000711600000| Complete 
| 130|0x0000000711800000, 0x0000000711a00000, 0x0000000711a00000|100%| E|CS|TAMS 0x0000000711800000, 0x0000000711800000| Complete 
| 131|0x0000000711a00000, 0x0000000711c00000, 0x0000000711c00000|100%| E|CS|TAMS 0x0000000711a00000, 0x0000000711a00000| Complete 
| 132|0x0000000711c00000, 0x0000000711e00000, 0x0000000711e00000|100%| E|CS|TAMS 0x0000000711c00000, 0x0000000711c00000| Complete 
| 133|0x0000000711e00000, 0x0000000712000000, 0x0000000712000000|100%| E|CS|TAMS 0x0000000711e00000, 0x0000000711e00000| Complete 
| 134|0x0000000712000000, 0x0000000712200000, 0x0000000712200000|100%| E|CS|TAMS 0x0000000712000000, 0x0000000712000000| Complete 
| 135|0x0000000712200000, 0x0000000712400000, 0x0000000712400000|100%| E|CS|TAMS 0x0000000712200000, 0x0000000712200000| Complete 
| 136|0x0000000712400000, 0x0000000712600000, 0x0000000712600000|100%| E|CS|TAMS 0x0000000712400000, 0x0000000712400000| Complete 
| 137|0x0000000712600000, 0x0000000712800000, 0x0000000712800000|100%| E|CS|TAMS 0x0000000712600000, 0x0000000712600000| Complete 
| 138|0x0000000712800000, 0x0000000712a00000, 0x0000000712a00000|100%| E|CS|TAMS 0x0000000712800000, 0x0000000712800000| Complete 
| 139|0x0000000712a00000, 0x0000000712c00000, 0x0000000712c00000|100%| E|CS|TAMS 0x0000000712a00000, 0x0000000712a00000| Complete 
| 140|0x0000000712c00000, 0x0000000712e00000, 0x0000000712e00000|100%| E|CS|TAMS 0x0000000712c00000, 0x0000000712c00000| Complete 
| 141|0x0000000712e00000, 0x0000000713000000, 0x0000000713000000|100%| E|CS|TAMS 0x0000000712e00000, 0x0000000712e00000| Complete 
| 142|0x0000000713000000, 0x0000000713200000, 0x0000000713200000|100%| E|CS|TAMS 0x0000000713000000, 0x0000000713000000| Complete 
| 143|0x0000000713200000, 0x0000000713400000, 0x0000000713400000|100%| E|CS|TAMS 0x0000000713200000, 0x0000000713200000| Complete 
| 144|0x0000000713400000, 0x0000000713600000, 0x0000000713600000|100%| E|CS|TAMS 0x0000000713400000, 0x0000000713400000| Complete 
| 145|0x0000000713600000, 0x0000000713800000, 0x0000000713800000|100%| E|CS|TAMS 0x0000000713600000, 0x0000000713600000| Complete 
| 146|0x0000000713800000, 0x0000000713a00000, 0x0000000713a00000|100%| E|CS|TAMS 0x0000000713800000, 0x0000000713800000| Complete 
| 147|0x0000000713a00000, 0x0000000713c00000, 0x0000000713c00000|100%| E|CS|TAMS 0x0000000713a00000, 0x0000000713a00000| Complete 
| 148|0x0000000713c00000, 0x0000000713e00000, 0x0000000713e00000|100%| E|CS|TAMS 0x0000000713c00000, 0x0000000713c00000| Complete 
| 149|0x0000000713e00000, 0x0000000714000000, 0x0000000714000000|100%| E|CS|TAMS 0x0000000713e00000, 0x0000000713e00000| Complete 
| 150|0x0000000714000000, 0x0000000714200000, 0x0000000714200000|100%| E|CS|TAMS 0x0000000714000000, 0x0000000714000000| Complete 
| 151|0x0000000714200000, 0x0000000714400000, 0x0000000714400000|100%| E|CS|TAMS 0x0000000714200000, 0x0000000714200000| Complete 
| 152|0x0000000714400000, 0x0000000714600000, 0x0000000714600000|100%| E|CS|TAMS 0x0000000714400000, 0x0000000714400000| Complete 
| 153|0x0000000714600000, 0x0000000714800000, 0x0000000714800000|100%| E|CS|TAMS 0x0000000714600000, 0x0000000714600000| Complete 
| 154|0x0000000714800000, 0x0000000714a00000, 0x0000000714a00000|100%| E|CS|TAMS 0x0000000714800000, 0x0000000714800000| Complete 
| 155|0x0000000714a00000, 0x0000000714c00000, 0x0000000714c00000|100%| E|CS|TAMS 0x0000000714a00000, 0x0000000714a00000| Complete 
| 156|0x0000000714c00000, 0x0000000714e00000, 0x0000000714e00000|100%| E|CS|TAMS 0x0000000714c00000, 0x0000000714c00000| Complete 
| 157|0x0000000714e00000, 0x0000000715000000, 0x0000000715000000|100%| E|CS|TAMS 0x0000000714e00000, 0x0000000714e00000| Complete 
| 158|0x0000000715000000, 0x0000000715200000, 0x0000000715200000|100%| E|CS|TAMS 0x0000000715000000, 0x0000000715000000| Complete 
| 159|0x0000000715200000, 0x0000000715400000, 0x0000000715400000|100%| E|CS|TAMS 0x0000000715200000, 0x0000000715200000| Complete 
| 160|0x0000000715400000, 0x0000000715600000, 0x0000000715600000|100%| E|CS|TAMS 0x0000000715400000, 0x0000000715400000| Complete 
| 161|0x0000000715600000, 0x0000000715800000, 0x0000000715800000|100%| E|CS|TAMS 0x0000000715600000, 0x0000000715600000| Complete 
| 162|0x0000000715800000, 0x0000000715a00000, 0x0000000715a00000|100%| E|CS|TAMS 0x0000000715800000, 0x0000000715800000| Complete 
| 163|0x0000000715a00000, 0x0000000715c00000, 0x0000000715c00000|100%| E|CS|TAMS 0x0000000715a00000, 0x0000000715a00000| Complete 
| 164|0x0000000715c00000, 0x0000000715e00000, 0x0000000715e00000|100%| E|CS|TAMS 0x0000000715c00000, 0x0000000715c00000| Complete 
| 165|0x0000000715e00000, 0x0000000716000000, 0x0000000716000000|100%| E|CS|TAMS 0x0000000715e00000, 0x0000000715e00000| Complete 
| 166|0x0000000716000000, 0x0000000716200000, 0x0000000716200000|100%| E|CS|TAMS 0x0000000716000000, 0x0000000716000000| Complete 
| 167|0x0000000716200000, 0x0000000716400000, 0x0000000716400000|100%| E|CS|TAMS 0x0000000716200000, 0x0000000716200000| Complete 
| 168|0x0000000716400000, 0x0000000716600000, 0x0000000716600000|100%| E|CS|TAMS 0x0000000716400000, 0x0000000716400000| Complete 
| 169|0x0000000716600000, 0x0000000716800000, 0x0000000716800000|100%| E|CS|TAMS 0x0000000716600000, 0x0000000716600000| Complete 
| 170|0x0000000716800000, 0x0000000716a00000, 0x0000000716a00000|100%| E|CS|TAMS 0x0000000716800000, 0x0000000716800000| Complete 
| 171|0x0000000716a00000, 0x0000000716c00000, 0x0000000716c00000|100%| E|CS|TAMS 0x0000000716a00000, 0x0000000716a00000| Complete 
| 172|0x0000000716c00000, 0x0000000716e00000, 0x0000000716e00000|100%| E|CS|TAMS 0x0000000716c00000, 0x0000000716c00000| Complete 
| 173|0x0000000716e00000, 0x0000000717000000, 0x0000000717000000|100%| E|CS|TAMS 0x0000000716e00000, 0x0000000716e00000| Complete 
| 174|0x0000000717000000, 0x0000000717200000, 0x0000000717200000|100%| E|CS|TAMS 0x0000000717000000, 0x0000000717000000| Complete 
| 175|0x0000000717200000, 0x0000000717400000, 0x0000000717400000|100%| E|CS|TAMS 0x0000000717200000, 0x0000000717200000| Complete 
| 176|0x0000000717400000, 0x0000000717600000, 0x0000000717600000|100%| E|CS|TAMS 0x0000000717400000, 0x0000000717400000| Complete 
| 177|0x0000000717600000, 0x0000000717800000, 0x0000000717800000|100%| E|CS|TAMS 0x0000000717600000, 0x0000000717600000| Complete 
| 178|0x0000000717800000, 0x0000000717a00000, 0x0000000717a00000|100%| E|CS|TAMS 0x0000000717800000, 0x0000000717800000| Complete 
| 179|0x0000000717a00000, 0x0000000717c00000, 0x0000000717c00000|100%| E|CS|TAMS 0x0000000717a00000, 0x0000000717a00000| Complete 
| 180|0x0000000717c00000, 0x0000000717e00000, 0x0000000717e00000|100%| E|CS|TAMS 0x0000000717c00000, 0x0000000717c00000| Complete 

Card table byte_map: [0x0000020b7a8c0000,0x0000020b7b0c0000] _byte_map_base: 0x0000020b770b6000

Marking Bits (Prev, Next): (CMBitMap*) 0x0000020b6390bdc0, (CMBitMap*) 0x0000020b6390be00
 Prev Bits: [0x0000020b7b8c0000, 0x0000020b7f870000)
 Next Bits: [0x0000020b00000000, 0x0000020b03fb0000)

Polling page: 0x0000020b61800000

Metaspace:

Usage:
  Non-class:     12.42 MB used.
      Class:      1.62 MB used.
       Both:     14.04 MB used.

Virtual space:
  Non-class space:       16.00 MB reserved,      12.56 MB ( 79%) committed,  2 nodes.
      Class space:        1.00 GB reserved,       1.69 MB ( <1%) committed,  1 nodes.
             Both:        1.02 GB reserved,      14.25 MB (  1%) committed. 

Chunk freelists:
   Non-Class:  2.84 MB
       Class:  2.19 MB
        Both:  5.04 MB

MaxMetaspaceSize: unlimited
CompressedClassSpaceSize: 1.00 GB
Initial GC threshold: 21.00 MB
Current GC threshold: 21.00 MB
CDS: on
MetaspaceReclaimPolicy: balanced
 - commit_granule_bytes: 65536.
 - commit_granule_words: 8192.
 - virtual_space_node_default_size: 1048576.
 - enlarge_chunks_in_place: 1.
 - new_chunks_are_fully_committed: 0.
 - uncommit_free_chunks: 1.
 - use_allocation_guard: 0.
 - handle_deallocations: 1.


Internal statistics:

num_allocs_failed_limit: 0.
num_arena_births: 164.
num_arena_deaths: 0.
num_vsnodes_births: 3.
num_vsnodes_deaths: 0.
num_space_committed: 228.
num_space_uncommitted: 0.
num_chunks_returned_to_freelist: 0.
num_chunks_taken_from_freelist: 277.
num_chunk_merges: 0.
num_chunk_splits: 145.
num_chunks_enlarged: 59.
num_purges: 0.
num_inconsistent_stats: 0.

CodeHeap 'non-profiled nmethods': size=120000Kb used=2714Kb max_used=2714Kb free=117285Kb
 bounds [0x0000020b72b90000, 0x0000020b72e40000, 0x0000020b7a0c0000]
CodeHeap 'profiled nmethods': size=120000Kb used=6074Kb max_used=6074Kb free=113925Kb
 bounds [0x0000020b6b660000, 0x0000020b6bc50000, 0x0000020b72b90000]
CodeHeap 'non-nmethods': size=5760Kb used=1328Kb max_used=1419Kb free=4431Kb
 bounds [0x0000020b6b0c0000, 0x0000020b6b330000, 0x0000020b6b660000]
 total_blobs=4087 nmethods=3423 adapters=576
 compilation: enabled
              stopped_count=0, restarted_count=0
 full_count=0

Compilation events (20 events):
Event: 52.496 Thread 0x0000020b7fd50b10 3429       3       ui.clickable.UIClickable::getBounds (36 bytes)
Event: 52.497 Thread 0x0000020b7fd50b10 nmethod 3429 0x0000020b6bc4aa90 code [0x0000020b6bc4ac80, 0x0000020b6bc4b138]
Event: 52.666 Thread 0x0000020b7fd4ada0 nmethod 3428 0x0000020b72e2e490 code [0x0000020b72e2e8c0, 0x0000020b72e33230]
Event: 52.791 Thread 0x0000020b7fd50b10 3430       3       java.nio.charset.CoderResult::isOverflow (14 bytes)
Event: 52.791 Thread 0x0000020b7fd50b10 nmethod 3430 0x0000020b6bc4b390 code [0x0000020b6bc4b520, 0x0000020b6bc4b698]
Event: 52.791 Thread 0x0000020b7fd50b10 3431       3       java.io.PrintStream::ensureOpen (18 bytes)
Event: 52.791 Thread 0x0000020b7fd50b10 nmethod 3431 0x0000020b6bc4b710 code [0x0000020b6bc4b8c0, 0x0000020b6bc4bac8]
Event: 52.846 Thread 0x0000020b7fd4ada0 3432  s    4       sun.awt.windows.WComponentPeer::getBackBuffer (22 bytes)
Event: 52.846 Thread 0x0000020b7fd4ada0 nmethod 3432 0x0000020b72e35a90 code [0x0000020b72e35c00, 0x0000020b72e35db8]
Event: 54.349 Thread 0x0000020b7fd4ada0 3433       4       java.lang.ref.Reference::refersTo (6 bytes)
Event: 54.350 Thread 0x0000020b7fd4ada0 nmethod 3433 0x0000020b72e35e90 code [0x0000020b72e36020, 0x0000020b72e360d8]
Event: 57.063 Thread 0x0000020b7fd50b10 3434   !   3       sun.java2d.SurfaceDataProxy::replaceData (329 bytes)
Event: 57.064 Thread 0x0000020b7fd50b10 nmethod 3434 0x0000020b6bc4bb90 code [0x0000020b6bc4bec0, 0x0000020b6bc4db28]
Event: 57.135 Thread 0x0000020b7fd50b10 3435   !   3       java.awt.event.InvocationEvent::finishedDispatching (53 bytes)
Event: 57.135 Thread 0x0000020b7fd50b10 nmethod 3435 0x0000020b6bc4e390 code [0x0000020b6bc4e560, 0x0000020b6bc4e8f8]
Event: 57.213 Thread 0x0000020b7fd4ada0 3436       4       sun.java2d.StateTrackableDelegate$1::isCurrent (17 bytes)
Event: 57.213 Thread 0x0000020b7fd4ada0 nmethod 3436 0x0000020b72e36190 code [0x0000020b72e36300, 0x0000020b72e36398]
Event: 57.232 Thread 0x0000020b7fd4ada0 3437       4       sun.java2d.pipe.RenderQueue::addReference (12 bytes)
Event: 57.233 Thread 0x0000020b7fd4ada0 nmethod 3437 0x0000020b72e36490 code [0x0000020b72e36620, 0x0000020b72e36748]
Event: 57.330 Thread 0x0000020b7fd50b10 3438   !   3       sun.java2d.d3d.D3DBlitLoops::Blit (164 bytes)

GC Heap History (20 events):
Event: 36.179 GC heap before
{Heap before GC invocations=33 (full 0):
 garbage-first heap   total 370688K, used 326379K [0x0000000701400000, 0x0000000800000000)
  region size 2048K, 108 young (221184K), 1 survivors (2048K)
 Metaspace       used 14301K, committed 14464K, reserved 1064960K
  class space    used 1661K, committed 1728K, reserved 1048576K
}
Event: 36.181 GC heap after
{Heap after GC invocations=34 (full 0):
 garbage-first heap   total 370688K, used 107215K [0x0000000701400000, 0x0000000800000000)
  region size 2048K, 1 young (2048K), 1 survivors (2048K)
 Metaspace       used 14301K, committed 14464K, reserved 1064960K
  class space    used 1661K, committed 1728K, reserved 1048576K
}
Event: 37.714 GC heap before
{Heap before GC invocations=34 (full 0):
 garbage-first heap   total 370688K, used 326351K [0x0000000701400000, 0x0000000800000000)
  region size 2048K, 108 young (221184K), 1 survivors (2048K)
 Metaspace       used 14305K, committed 14464K, reserved 1064960K
  class space    used 1661K, committed 1728K, reserved 1048576K
}
Event: 37.715 GC heap after
{Heap after GC invocations=35 (full 0):
 garbage-first heap   total 370688K, used 107326K [0x0000000701400000, 0x0000000800000000)
  region size 2048K, 1 young (2048K), 1 survivors (2048K)
 Metaspace       used 14305K, committed 14464K, reserved 1064960K
  class space    used 1661K, committed 1728K, reserved 1048576K
}
Event: 39.121 GC heap before
{Heap before GC invocations=35 (full 0):
 garbage-first heap   total 370688K, used 326462K [0x0000000701400000, 0x0000000800000000)
  region size 2048K, 108 young (221184K), 1 survivors (2048K)
 Metaspace       used 14338K, committed 14528K, reserved 1064960K
  class space    used 1661K, committed 1728K, reserved 1048576K
}
Event: 39.122 GC heap after
{Heap after GC invocations=36 (full 0):
 garbage-first heap   total 370688K, used 107495K [0x0000000701400000, 0x0000000800000000)
  region size 2048K, 1 young (2048K), 1 survivors (2048K)
 Metaspace       used 14338K, committed 14528K, reserved 1064960K
  class space    used 1661K, committed 1728K, reserved 1048576K
}
Event: 40.784 GC heap before
{Heap before GC invocations=36 (full 0):
 garbage-first heap   total 370688K, used 326631K [0x0000000701400000, 0x0000000800000000)
  region size 2048K, 108 young (221184K), 1 survivors (2048K)
 Metaspace       used 14358K, committed 14528K, reserved 1064960K
  class space    used 1661K, committed 1728K, reserved 1048576K
}
Event: 40.786 GC heap after
{Heap after GC invocations=37 (full 0):
 garbage-first heap   total 370688K, used 107519K [0x0000000701400000, 0x0000000800000000)
  region size 2048K, 1 young (2048K), 1 survivors (2048K)
 Metaspace       used 14358K, committed 14528K, reserved 1064960K
  class space    used 1661K, committed 1728K, reserved 1048576K
}
Event: 42.875 GC heap before
{Heap before GC invocations=37 (full 0):
 garbage-first heap   total 370688K, used 326655K [0x0000000701400000, 0x0000000800000000)
  region size 2048K, 108 young (221184K), 1 survivors (2048K)
 Metaspace       used 14358K, committed 14528K, reserved 1064960K
  class space    used 1661K, committed 1728K, reserved 1048576K
}
Event: 42.877 GC heap after
{Heap after GC invocations=38 (full 0):
 garbage-first heap   total 370688K, used 107576K [0x0000000701400000, 0x0000000800000000)
  region size 2048K, 1 young (2048K), 1 survivors (2048K)
 Metaspace       used 14358K, committed 14528K, reserved 1064960K
  class space    used 1661K, committed 1728K, reserved 1048576K
}
Event: 44.146 GC heap before
{Heap before GC invocations=38 (full 0):
 garbage-first heap   total 370688K, used 326712K [0x0000000701400000, 0x0000000800000000)
  region size 2048K, 108 young (221184K), 1 survivors (2048K)
 Metaspace       used 14359K, committed 14528K, reserved 1064960K
  class space    used 1661K, committed 1728K, reserved 1048576K
}
Event: 44.148 GC heap after
{Heap after GC invocations=39 (full 0):
 garbage-first heap   total 370688K, used 107560K [0x0000000701400000, 0x0000000800000000)
  region size 2048K, 1 young (2048K), 1 survivors (2048K)
 Metaspace       used 14359K, committed 14528K, reserved 1064960K
  class space    used 1661K, committed 1728K, reserved 1048576K
}
Event: 45.963 GC heap before
{Heap before GC invocations=39 (full 0):
 garbage-first heap   total 370688K, used 326696K [0x0000000701400000, 0x0000000800000000)
  region size 2048K, 108 young (221184K), 1 survivors (2048K)
 Metaspace       used 14361K, committed 14528K, reserved 1064960K
  class space    used 1661K, committed 1728K, reserved 1048576K
}
Event: 45.965 GC heap after
{Heap after GC invocations=40 (full 0):
 garbage-first heap   total 370688K, used 107695K [0x0000000701400000, 0x0000000800000000)
  region size 2048K, 1 young (2048K), 1 survivors (2048K)
 Metaspace       used 14361K, committed 14528K, reserved 1064960K
  class space    used 1661K, committed 1728K, reserved 1048576K
}
Event: 47.215 GC heap before
{Heap before GC invocations=40 (full 0):
 garbage-first heap   total 370688K, used 326831K [0x0000000701400000, 0x0000000800000000)
  region size 2048K, 108 young (221184K), 1 survivors (2048K)
 Metaspace       used 14363K, committed 14528K, reserved 1064960K
  class space    used 1661K, committed 1728K, reserved 1048576K
}
Event: 47.217 GC heap after
{Heap after GC invocations=41 (full 0):
 garbage-first heap   total 370688K, used 107807K [0x0000000701400000, 0x0000000800000000)
  region size 2048K, 1 young (2048K), 1 survivors (2048K)
 Metaspace       used 14363K, committed 14528K, reserved 1064960K
  class space    used 1661K, committed 1728K, reserved 1048576K
}
Event: 49.279 GC heap before
{Heap before GC invocations=41 (full 0):
 garbage-first heap   total 370688K, used 326943K [0x0000000701400000, 0x0000000800000000)
  region size 2048K, 108 young (221184K), 1 survivors (2048K)
 Metaspace       used 14369K, committed 14528K, reserved 1064960K
  class space    used 1661K, committed 1728K, reserved 1048576K
}
Event: 49.281 GC heap after
{Heap after GC invocations=42 (full 0):
 garbage-first heap   total 370688K, used 108097K [0x0000000701400000, 0x0000000800000000)
  region size 2048K, 1 young (2048K), 1 survivors (2048K)
 Metaspace       used 14369K, committed 14528K, reserved 1064960K
  class space    used 1661K, committed 1728K, reserved 1048576K
}
Event: 51.096 GC heap before
{Heap before GC invocations=42 (full 0):
 garbage-first heap   total 370688K, used 327233K [0x0000000701400000, 0x0000000800000000)
  region size 2048K, 108 young (221184K), 1 survivors (2048K)
 Metaspace       used 14370K, committed 14528K, reserved 1064960K
  class space    used 1661K, committed 1728K, reserved 1048576K
}
Event: 51.097 GC heap after
{Heap after GC invocations=43 (full 0):
 garbage-first heap   total 370688K, used 108143K [0x0000000701400000, 0x0000000800000000)
  region size 2048K, 1 young (2048K), 1 survivors (2048K)
 Metaspace       used 14370K, committed 14528K, reserved 1064960K
  class space    used 1661K, committed 1728K, reserved 1048576K
}

Deoptimization events (20 events):
Event: 57.114 Thread 0x0000020b07876690 Uncommon trap: trap_request=0xffffff45 fr.pc=0x0000020b72e08794 relative=0x0000000000000bf4
Event: 57.114 Thread 0x0000020b07876690 Uncommon trap: reason=unstable_if action=reinterpret pc=0x0000020b72e08794 method=sun.java2d.d3d.D3DSurfaceData.initSurface()V @ 53 c2
Event: 57.114 Thread 0x0000020b07876690 DEOPT PACKING pc=0x0000020b72e08794 sp=0x00000056af4fe7f0
Event: 57.114 Thread 0x0000020b07876690 DEOPT UNPACKING pc=0x0000020b6b1123a3 sp=0x00000056af4fe7c8 mode 2
Event: 57.114 Thread 0x0000020b07876690 Uncommon trap: trap_request=0xffffffde fr.pc=0x0000020b72e0b868 relative=0x0000000000000648
Event: 57.114 Thread 0x0000020b07876690 Uncommon trap: reason=class_check action=maybe_recompile pc=0x0000020b72e0b868 method=sun.java2d.loops.TransformBlit.getFromCache(Lsun/java2d/loops/SurfaceType;Lsun/java2d/loops/CompositeType;Lsun/java2d/loops/SurfaceType;)Lsun/java2d/loops/TransformBlit;
Event: 57.114 Thread 0x0000020b07876690 DEOPT PACKING pc=0x0000020b72e0b868 sp=0x00000056af4feaa0
Event: 57.114 Thread 0x0000020b07876690 DEOPT UNPACKING pc=0x0000020b6b1123a3 sp=0x00000056af4fea90 mode 2
Event: 57.114 Thread 0x0000020b07876690 Uncommon trap: trap_request=0xffffffde fr.pc=0x0000020b72e0b868 relative=0x0000000000000648
Event: 57.114 Thread 0x0000020b07876690 Uncommon trap: reason=class_check action=maybe_recompile pc=0x0000020b72e0b868 method=sun.java2d.loops.TransformBlit.getFromCache(Lsun/java2d/loops/SurfaceType;Lsun/java2d/loops/CompositeType;Lsun/java2d/loops/SurfaceType;)Lsun/java2d/loops/TransformBlit;
Event: 57.114 Thread 0x0000020b07876690 DEOPT PACKING pc=0x0000020b72e0b868 sp=0x00000056af4feaf0
Event: 57.114 Thread 0x0000020b07876690 DEOPT UNPACKING pc=0x0000020b6b1123a3 sp=0x00000056af4feae0 mode 2
Event: 57.115 Thread 0x0000020b07876690 Uncommon trap: trap_request=0xffffffde fr.pc=0x0000020b72e0b868 relative=0x0000000000000648
Event: 57.115 Thread 0x0000020b07876690 Uncommon trap: reason=class_check action=maybe_recompile pc=0x0000020b72e0b868 method=sun.java2d.loops.TransformBlit.getFromCache(Lsun/java2d/loops/SurfaceType;Lsun/java2d/loops/CompositeType;Lsun/java2d/loops/SurfaceType;)Lsun/java2d/loops/TransformBlit;
Event: 57.115 Thread 0x0000020b07876690 DEOPT PACKING pc=0x0000020b72e0b868 sp=0x00000056af4feaf0
Event: 57.115 Thread 0x0000020b07876690 DEOPT UNPACKING pc=0x0000020b6b1123a3 sp=0x00000056af4feae0 mode 2
Event: 57.130 Thread 0x0000020b07876690 Uncommon trap: trap_request=0xffffffde fr.pc=0x0000020b72e0b868 relative=0x0000000000000648
Event: 57.130 Thread 0x0000020b07876690 Uncommon trap: reason=class_check action=maybe_recompile pc=0x0000020b72e0b868 method=sun.java2d.loops.TransformBlit.getFromCache(Lsun/java2d/loops/SurfaceType;Lsun/java2d/loops/CompositeType;Lsun/java2d/loops/SurfaceType;)Lsun/java2d/loops/TransformBlit;
Event: 57.130 Thread 0x0000020b07876690 DEOPT PACKING pc=0x0000020b72e0b868 sp=0x00000056af4feaa0
Event: 57.130 Thread 0x0000020b07876690 DEOPT UNPACKING pc=0x0000020b6b1123a3 sp=0x00000056af4fea90 mode 2

Classes unloaded (0 events):
No events

Classes redefined (0 events):
No events

Internal exceptions (20 events):
Event: 0.144 Thread 0x0000020b638bab20 Exception <a 'java/io/FileNotFoundException'{0x00000007110a8c38}> (0x00000007110a8c38) 
thrown [t:\workspace\open\src\hotspot\share\prims\jni.cpp, line 516]
Event: 0.310 Thread 0x0000020b638bab20 Exception <a 'java/lang/NoSuchMethodError'{0x0000000711170918}: 'void java.lang.invoke.DirectMethodHandle$Holder.invokeSpecial(java.lang.Object, java.lang.Object, java.lang.Object)'> (0x0000000711170918) 
thrown [t:\workspace\open\src\hotspot\share\interpreter\linkResolver.cpp, line 766]
Event: 0.317 Thread 0x0000020b638bab20 Exception <a 'java/lang/NoSuchMethodError'{0x000000071119add0}: 'java.lang.Object java.lang.invoke.DirectMethodHandle$Holder.newInvokeSpecial(java.lang.Object, java.lang.Object, java.lang.Object, java.lang.Object, java.lang.Object)'> (0x000000071119add0) 
thrown [t:\workspace\open\src\hotspot\share\interpreter\linkResolver.cpp, line 766]
Event: 0.318 Thread 0x0000020b638bab20 Exception <a 'java/lang/NoSuchMethodError'{0x00000007111a6798}: 'java.lang.Object java.lang.invoke.DirectMethodHandle$Holder.invokeStatic(java.lang.Object, int, java.lang.Object, java.lang.Object, java.lang.Object, java.lang.Object)'> (0x00000007111a6798) 
thrown [t:\workspace\open\src\hotspot\share\interpreter\linkResolver.cpp, line 766]
Event: 0.322 Thread 0x0000020b638bab20 Exception <a 'java/lang/NoSuchMethodError'{0x00000007111cc1c0}: 'java.lang.Object java.lang.invoke.DirectMethodHandle$Holder.invokeStatic(java.lang.Object, int, java.lang.Object)'> (0x00000007111cc1c0) 
thrown [t:\workspace\open\src\hotspot\share\interpreter\linkResolver.cpp, line 766]
Event: 0.350 Thread 0x0000020b638bab20 Exception <a 'java/lang/ClassNotFoundException'{0x0000000710e849d0}: com/sun/swing/internal/plaf/metal/resources/spi/metalProvider> (0x0000000710e849d0) 
thrown [t:\workspace\open\src\hotspot\share\classfile\systemDictionary.cpp, line 256]
Event: 0.351 Thread 0x0000020b638bab20 Exception <a 'java/lang/ClassNotFoundException'{0x0000000710e88828}: com/sun/swing/internal/plaf/basic/resources/spi/basicProvider> (0x0000000710e88828) 
thrown [t:\workspace\open\src\hotspot\share\classfile\systemDictionary.cpp, line 256]
Event: 0.368 Thread 0x0000020b06bebf10 Exception <a 'java/lang/NoSuchMethodError'{0x0000000711105bd0}: 'void java.lang.invoke.DirectMethodHandle$Holder.invokeVirtual(java.lang.Object, java.lang.Object)'> (0x0000000711105bd0) 
thrown [t:\workspace\open\src\hotspot\share\interpreter\linkResolver.cpp, line 766]
Event: 0.381 Thread 0x0000020b638bab20 Exception <a 'java/lang/NoSuchMethodError'{0x0000000710f11f78}: 'void java.lang.invoke.DirectMethodHandle$Holder.invokeStaticInit(java.lang.Object)'> (0x0000000710f11f78) 
thrown [t:\workspace\open\src\hotspot\share\interpreter\linkResolver.cpp, line 766]
Event: 0.458 Thread 0x0000020b638bab20 Exception <a 'java/lang/NoSuchMethodError'{0x0000000710fe0018}: 'java.lang.Object java.lang.invoke.DirectMethodHandle$Holder.invokeStaticInit(java.lang.Object, int, int, int, int)'> (0x0000000710fe0018) 
thrown [t:\workspace\open\src\hotspot\share\interpreter\linkResolver.cpp, line 766]
Event: 0.626 Thread 0x0000020b638bab20 Exception <a 'java/lang/NoSuchMethodError'{0x0000000710cc6b30}: 'java.lang.Object java.lang.invoke.DirectMethodHandle$Holder.invokeStaticInit(java.lang.Object, java.lang.Object, int, int, int, int)'> (0x0000000710cc6b30) 
thrown [t:\workspace\open\src\hotspot\share\interpreter\linkResolver.cpp, line 766]
Event: 0.824 Thread 0x0000020b638bab20 Exception <a 'java/lang/NoSuchMethodError'{0x0000000710a356a8}: 'void java.lang.invoke.DirectMethodHandle$Holder.invokeStatic(java.lang.Object, java.lang.Object, java.lang.Object)'> (0x0000000710a356a8) 
thrown [t:\workspace\open\src\hotspot\share\interpreter\linkResolver.cpp, line 766]
Event: 0.852 Thread 0x0000020b0c3f2290 Exception <a 'java/lang/NoSuchMethodError'{0x0000000710a787c8}: 'java.lang.Object java.lang.invoke.DirectMethodHandle$Holder.newInvokeSpecial(java.lang.Object, java.lang.Object, java.lang.Object, int, int, int, int, int)'> (0x0000000710a787c8) 
thrown [t:\workspace\open\src\hotspot\share\interpreter\linkResolver.cpp, line 766]
Event: 1.597 Thread 0x0000020b07876690 Exception <a 'java/lang/NoSuchMethodError'{0x00000007106e2eb8}: 'int java.lang.invoke.DirectMethodHandle$Holder.invokeVirtual(java.lang.Object, java.lang.Object)'> (0x00000007106e2eb8) 
thrown [t:\workspace\open\src\hotspot\share\interpreter\linkResolver.cpp, line 766]
Event: 1.598 Thread 0x0000020b07876690 Exception <a 'java/lang/NoSuchMethodError'{0x00000007106e98b0}: 'int java.lang.invoke.DirectMethodHandle$Holder.invokeStatic(java.lang.Object, java.lang.Object, java.lang.Object, java.lang.Object)'> (0x00000007106e98b0) 
thrown [t:\workspace\open\src\hotspot\share\interpreter\linkResolver.cpp, line 766]
Event: 1.598 Thread 0x0000020b07876690 Exception <a 'java/lang/NoSuchMethodError'{0x00000007106ed428}: 'java.lang.Object java.lang.invoke.Invokers$Holder.invokeExact_MT(java.lang.Object, java.lang.Object, java.lang.Object, java.lang.Object, java.lang.Object, java.lang.Object)'> (0x00000007106ed428) 
thrown [t:\workspace\open\src\hotspot\share\interpreter\linkResolver.cpp, line 766]
Event: 2.470 Thread 0x0000020b07876690 Exception <a 'java/lang/NoSuchMethodError'{0x00000007107b76b0}: 'int java.lang.invoke.DirectMethodHandle$Holder.invokeStatic(java.lang.Object)'> (0x00000007107b76b0) 
thrown [t:\workspace\open\src\hotspot\share\interpreter\linkResolver.cpp, line 766]
Event: 5.675 Thread 0x0000020b07876690 Exception <a 'java/lang/NoSuchMethodError'{0x000000070de6f848}: 'int java.lang.invoke.DirectMethodHandle$Holder.invokeSpecial(java.lang.Object, java.lang.Object, java.lang.Object, java.lang.Object)'> (0x000000070de6f848) 
thrown [t:\workspace\open\src\hotspot\share\interpreter\linkResolver.cpp, line 766]
Event: 6.477 Thread 0x0000020b07876690 Exception <a 'java/lang/NoSuchMethodError'{0x000000070d88d820}: 'int java.lang.invoke.DirectMethodHandle$Holder.invokeSpecial(java.lang.Object, java.lang.Object, java.lang.Object)'> (0x000000070d88d820) 
thrown [t:\workspace\open\src\hotspot\share\interpreter\linkResolver.cpp, line 766]
Event: 6.550 Thread 0x0000020b07876690 Exception <a 'java/lang/NoSuchMethodError'{0x000000070d8ff788}: 'void java.lang.invoke.DirectMethodHandle$Holder.invokeSpecial(java.lang.Object, java.lang.Object, java.lang.Object, java.lang.Object, java.lang.Object)'> (0x000000070d8ff788) 
thrown [t:\workspace\open\src\hotspot\share\interpreter\linkResolver.cpp, line 766]

VM Operations (20 events):
Event: 45.963 Executing VM operation: G1CollectForAllocation
Event: 45.965 Executing VM operation: G1CollectForAllocation done
Event: 46.971 Executing VM operation: Cleanup
Event: 46.971 Executing VM operation: Cleanup done
Event: 47.215 Executing VM operation: G1CollectForAllocation
Event: 47.217 Executing VM operation: G1CollectForAllocation done
Event: 48.221 Executing VM operation: Cleanup
Event: 48.221 Executing VM operation: Cleanup done
Event: 49.232 Executing VM operation: Cleanup
Event: 49.232 Executing VM operation: Cleanup done
Event: 49.279 Executing VM operation: G1CollectForAllocation
Event: 49.281 Executing VM operation: G1CollectForAllocation done
Event: 51.096 Executing VM operation: G1CollectForAllocation
Event: 51.097 Executing VM operation: G1CollectForAllocation done
Event: 52.102 Executing VM operation: Cleanup
Event: 52.102 Executing VM operation: Cleanup done
Event: 53.115 Executing VM operation: Cleanup
Event: 53.115 Executing VM operation: Cleanup done
Event: 57.153 Executing VM operation: Cleanup
Event: 57.153 Executing VM operation: Cleanup done

Events (20 events):
Event: 6.559 loading class java/util/stream/ReduceOps$2ReducingSink
Event: 6.560 loading class java/util/stream/ReduceOps$2ReducingSink done
Event: 6.561 Thread 0x0000020b108db820 Thread added: 0x0000020b108db820
Event: 6.997 Thread 0x0000020b108db820 Thread exited: 0x0000020b108db820
Event: 7.581 Thread 0x0000020b108db820 Thread added: 0x0000020b108db820
Event: 8.247 Thread 0x0000020b108db820 Thread exited: 0x0000020b108db820
Event: 28.271 loading class sun/awt/DebugSettings
Event: 28.271 loading class sun/awt/DebugSettings done
Event: 28.272 loading class javax/swing/JComponent$KeyboardState
Event: 28.272 loading class javax/swing/JComponent$KeyboardState done
Event: 28.272 loading class javax/swing/JComponent$IntVector
Event: 28.272 loading class javax/swing/JComponent$IntVector done
Event: 28.272 loading class javax/swing/Popup$HeavyWeightWindow
Event: 28.272 loading class javax/swing/JWindow
Event: 28.272 loading class javax/swing/JWindow done
Event: 28.272 loading class javax/swing/Popup$HeavyWeightWindow done
Event: 51.450 loading class sun/font/StrikeCache$WeakDisposerRef
Event: 51.450 loading class sun/font/StrikeCache$WeakDisposerRef done
Event: 57.048 loading class sun/java2d/SurfaceDataProxy$CountdownTracker
Event: 57.049 loading class sun/java2d/SurfaceDataProxy$CountdownTracker done


Dynamic libraries:
0x00007ff6a7db0000 - 0x00007ff6a7dbe000 	C:\Users\Kilian\.jdks\openjdk-17.0.1\bin\java.exe
0x00007ffe20730000 - 0x00007ffe20928000 	C:\WINDOWS\SYSTEM32\ntdll.dll
0x00007ffe1fce0000 - 0x00007ffe1fd9d000 	C:\WINDOWS\System32\KERNEL32.DLL
0x00007ffe1e2e0000 - 0x00007ffe1e5ae000 	C:\WINDOWS\System32\KERNELBASE.dll
0x00007ffe1e5b0000 - 0x00007ffe1e6b0000 	C:\WINDOWS\System32\ucrtbase.dll
0x00007ffe04a90000 - 0x00007ffe04aa8000 	C:\Users\Kilian\.jdks\openjdk-17.0.1\bin\jli.dll
0x00007ffe1f370000 - 0x00007ffe1f510000 	C:\WINDOWS\System32\USER32.dll
0x00007ffe1e6b0000 - 0x00007ffe1e6d2000 	C:\WINDOWS\System32\win32u.dll
0x00007ffe1fcb0000 - 0x00007ffe1fcda000 	C:\WINDOWS\System32\GDI32.dll
0x00007ffe1e1d0000 - 0x00007ffe1e2db000 	C:\WINDOWS\System32\gdi32full.dll
0x00007ffe1dee0000 - 0x00007ffe1df7d000 	C:\WINDOWS\System32\msvcp_win.dll
0x00007ffe04a00000 - 0x00007ffe04a1a000 	C:\Users\Kilian\.jdks\openjdk-17.0.1\bin\VCRUNTIME140.dll
0x00007ffe0c7f0000 - 0x00007ffe0ca8a000 	C:\WINDOWS\WinSxS\amd64_microsoft.windows.common-controls_6595b64144ccf1df_6.0.19041.1110_none_60b5254171f9507e\COMCTL32.dll
0x00007ffe1f2d0000 - 0x00007ffe1f36e000 	C:\WINDOWS\System32\msvcrt.dll
0x00007ffe20660000 - 0x00007ffe20690000 	C:\WINDOWS\System32\IMM32.DLL
0x00007ffe17440000 - 0x00007ffe1744c000 	C:\Users\Kilian\.jdks\openjdk-17.0.1\bin\vcruntime140_1.dll
0x00007ffdb6ef0000 - 0x00007ffdb6f7d000 	C:\Users\Kilian\.jdks\openjdk-17.0.1\bin\msvcp140.dll
0x00007ffd79cb0000 - 0x00007ffd7a86e000 	C:\Users\Kilian\.jdks\openjdk-17.0.1\bin\server\jvm.dll
0x00007ffe1f6a0000 - 0x00007ffe1f74e000 	C:\WINDOWS\System32\ADVAPI32.dll
0x00007ffe1f510000 - 0x00007ffe1f5ac000 	C:\WINDOWS\System32\sechost.dll
0x00007ffe20340000 - 0x00007ffe20465000 	C:\WINDOWS\System32\RPCRT4.dll
0x00007ffe1f690000 - 0x00007ffe1f698000 	C:\WINDOWS\System32\PSAPI.DLL
0x00007ffe0b570000 - 0x00007ffe0b579000 	C:\WINDOWS\SYSTEM32\WSOCK32.dll
0x00007ffe204d0000 - 0x00007ffe2053b000 	C:\WINDOWS\System32\WS2_32.dll
0x00007ffe13790000 - 0x00007ffe137b7000 	C:\WINDOWS\SYSTEM32\WINMM.dll
0x00007ffe150d0000 - 0x00007ffe150da000 	C:\WINDOWS\SYSTEM32\VERSION.dll
0x00007ffe1ca20000 - 0x00007ffe1ca32000 	C:\WINDOWS\SYSTEM32\kernel.appcore.dll
0x00007ffe10180000 - 0x00007ffe1018a000 	C:\Users\Kilian\.jdks\openjdk-17.0.1\bin\jimage.dll
0x00007ffe1bbd0000 - 0x00007ffe1bdb4000 	C:\WINDOWS\SYSTEM32\DBGHELP.DLL
0x00007ffe0b520000 - 0x00007ffe0b54c000 	C:\WINDOWS\SYSTEM32\dbgcore.DLL
0x00007ffe1de50000 - 0x00007ffe1ded2000 	C:\WINDOWS\System32\bcryptPrimitives.dll
0x00007ffe0fd90000 - 0x00007ffe0fd9e000 	C:\Users\Kilian\.jdks\openjdk-17.0.1\bin\instrument.dll
0x00007ffdfdf20000 - 0x00007ffdfdf45000 	C:\Users\Kilian\.jdks\openjdk-17.0.1\bin\java.dll
0x00007ffdb6e10000 - 0x00007ffdb6ee6000 	C:\Users\Kilian\.jdks\openjdk-17.0.1\bin\svml.dll
0x00007ffe1e790000 - 0x00007ffe1eed4000 	C:\WINDOWS\System32\SHELL32.dll
0x00007ffe1bdc0000 - 0x00007ffe1c554000 	C:\WINDOWS\SYSTEM32\windows.storage.dll
0x00007ffe1f760000 - 0x00007ffe1fab4000 	C:\WINDOWS\System32\combase.dll
0x00007ffe1d8b0000 - 0x00007ffe1d8e0000 	C:\WINDOWS\SYSTEM32\Wldp.dll
0x00007ffe1fda0000 - 0x00007ffe1fe4d000 	C:\WINDOWS\System32\SHCORE.dll
0x00007ffe20470000 - 0x00007ffe204c5000 	C:\WINDOWS\System32\shlwapi.dll
0x00007ffe1dd90000 - 0x00007ffe1ddaf000 	C:\WINDOWS\SYSTEM32\profapi.dll
0x00007ffe04970000 - 0x00007ffe04988000 	C:\Users\Kilian\.jdks\openjdk-17.0.1\bin\zip.dll
0x00007ffdfde30000 - 0x00007ffdfde49000 	C:\Users\Kilian\.jdks\openjdk-17.0.1\bin\net.dll
0x00007ffe15ed0000 - 0x00007ffe15fda000 	C:\WINDOWS\SYSTEM32\WINHTTP.dll
0x00007ffe1d610000 - 0x00007ffe1d67a000 	C:\WINDOWS\system32\mswsock.dll
0x00007ffdfd250000 - 0x00007ffdfd265000 	C:\Users\Kilian\.jdks\openjdk-17.0.1\bin\nio.dll
0x00007ffdfaf30000 - 0x00007ffdfaf4a000 	C:\Program Files\JetBrains\IntelliJ IDEA Community Edition 2020.3.2\bin\breakgen64.dll
0x00007ffdb6c80000 - 0x00007ffdb6e0e000 	C:\Users\Kilian\.jdks\openjdk-17.0.1\bin\awt.dll
0x00007ffe1fbe0000 - 0x00007ffe1fcad000 	C:\WINDOWS\System32\OLEAUT32.dll
0x00007ffe1b270000 - 0x00007ffe1b300000 	C:\WINDOWS\SYSTEM32\apphelp.dll
0x00007ffe1b560000 - 0x00007ffe1b58f000 	C:\WINDOWS\system32\DWMAPI.DLL
0x00007ffe1b3a0000 - 0x00007ffe1b43e000 	C:\WINDOWS\system32\uxtheme.dll
0x00007ffdd3980000 - 0x00007ffdd3aa7000 	C:\WINDOWS\system32\opengl32.dll
0x00007ffddcae0000 - 0x00007ffddcb0c000 	C:\WINDOWS\SYSTEM32\GLU32.dll
0x00007ffe1fac0000 - 0x00007ffe1fbd5000 	C:\WINDOWS\System32\MSCTF.dll
0x00007ffe1f0f0000 - 0x00007ffe1f21a000 	C:\WINDOWS\System32\ole32.dll
0x00007ffdd3bd0000 - 0x00007ffdd3d9f000 	C:\WINDOWS\system32\d3d9.dll
0x00007ffe137c0000 - 0x00007ffe1399b000 	C:\WINDOWS\System32\DriverStore\FileRepository\c0360470.inf_amd64_b06c374aee20d185\B360357\aticfx64.dll
0x00007ffd9e760000 - 0x00007ffd9e793000 	C:\WINDOWS\System32\DriverStore\FileRepository\c0360470.inf_amd64_b06c374aee20d185\B360357\atiu9p64.dll
0x00007ffd99ac0000 - 0x00007ffd9a756000 	C:\WINDOWS\System32\DriverStore\FileRepository\c0360470.inf_amd64_b06c374aee20d185\B360357\atiumd64.dll
0x0000000064300000 - 0x0000000065179000 	C:\WINDOWS\System32\DriverStore\FileRepository\c0360470.inf_amd64_b06c374aee20d185\B360357\atiumd6a.dll
0x00007ffe1d420000 - 0x00007ffe1d46b000 	C:\WINDOWS\SYSTEM32\POWRPROF.dll
0x00007ffe1d290000 - 0x00007ffe1d2a2000 	C:\WINDOWS\SYSTEM32\UMPDC.dll
0x00007ffe10d20000 - 0x00007ffe10d4f000 	C:\WINDOWS\SYSTEM32\amdihk64.dll
0x00007ffe13e80000 - 0x00007ffe13ebb000 	C:\WINDOWS\SYSTEM32\dxcore.dll
0x00007ffe1e020000 - 0x00007ffe1e06e000 	C:\WINDOWS\System32\cfgmgr32.dll
0x00007ffdb6820000 - 0x00007ffdb68a9000 	C:\Users\Kilian\.jdks\openjdk-17.0.1\bin\freetype.dll
0x00007ffdb6770000 - 0x00007ffdb6818000 	C:\Users\Kilian\.jdks\openjdk-17.0.1\bin\fontmanager.dll
0x00007ffe17290000 - 0x00007ffe17389000 	C:\WINDOWS\SYSTEM32\textinputframework.dll
0x00007ffe1b040000 - 0x00007ffe1b132000 	C:\WINDOWS\System32\CoreMessaging.dll
0x00007ffe1ace0000 - 0x00007ffe1b03e000 	C:\WINDOWS\System32\CoreUIComponents.dll
0x00007ffe1cb50000 - 0x00007ffe1cb83000 	C:\WINDOWS\SYSTEM32\ntmarta.dll
0x00007ffe1a610000 - 0x00007ffe1a764000 	C:\WINDOWS\SYSTEM32\wintypes.dll
0x00007ffe1d800000 - 0x00007ffe1d818000 	C:\WINDOWS\SYSTEM32\CRYPTSP.dll
0x00007ffe1cf20000 - 0x00007ffe1cf54000 	C:\WINDOWS\system32\rsaenh.dll
0x00007ffe1dff0000 - 0x00007ffe1e017000 	C:\WINDOWS\System32\bcrypt.dll
0x00007ffe1dd10000 - 0x00007ffe1dd3e000 	C:\WINDOWS\SYSTEM32\USERENV.dll
0x00007ffe1d820000 - 0x00007ffe1d82c000 	C:\WINDOWS\SYSTEM32\CRYPTBASE.dll
0x00007ffe1d2b0000 - 0x00007ffe1d2eb000 	C:\WINDOWS\SYSTEM32\IPHLPAPI.DLL
0x00007ffe20650000 - 0x00007ffe20658000 	C:\WINDOWS\System32\NSI.dll
0x00007ffe17ca0000 - 0x00007ffe17cb7000 	C:\WINDOWS\SYSTEM32\dhcpcsvc6.DLL
0x00007ffe17c80000 - 0x00007ffe17c9d000 	C:\WINDOWS\SYSTEM32\dhcpcsvc.DLL
0x00007ffe1d2f0000 - 0x00007ffe1d3ba000 	C:\WINDOWS\SYSTEM32\DNSAPI.dll
0x00007ffe036e0000 - 0x00007ffe03790000 	C:\WINDOWS\WinSxS\amd64_microsoft.windows.common-controls_6595b64144ccf1df_5.82.19041.1110_none_792d1c772443f647\comctl32.dll
0x00007ffe1f220000 - 0x00007ffe1f2c9000 	C:\WINDOWS\System32\clbcatq.dll
0x00007ffe18d50000 - 0x00007ffe18e46000 	C:\WINDOWS\SYSTEM32\PROPSYS.dll
0x00007ffe10160000 - 0x00007ffe10177000 	C:\WINDOWS\system32\NetworkExplorer.dll
0x00007ffe0d2f0000 - 0x00007ffe0d30d000 	C:\WINDOWS\SYSTEM32\MPR.dll
0x00007ffe198b0000 - 0x00007ffe198bb000 	C:\WINDOWS\System32\drprov.dll
0x00007ffe1cbc0000 - 0x00007ffe1cc1a000 	C:\WINDOWS\System32\WINSTA.dll
0x00007ffe18ec0000 - 0x00007ffe18ee0000 	C:\WINDOWS\System32\ntlanman.dll
0x00007ffe18ea0000 - 0x00007ffe18ebe000 	C:\WINDOWS\System32\davclnt.dll
0x00007ffdf6770000 - 0x00007ffdf677d000 	C:\WINDOWS\System32\DAVHLPR.dll
0x00007ffe1d040000 - 0x00007ffe1d059000 	C:\WINDOWS\System32\wkscli.dll
0x00007ffdfc6c0000 - 0x00007ffdfc6d2000 	C:\WINDOWS\SYSTEM32\cscapi.dll
0x00007ffe1d3c0000 - 0x00007ffe1d3cc000 	C:\WINDOWS\System32\netutils.dll
0x00007ffe04990000 - 0x00007ffe049e6000 	C:\Windows\System32\dlnashext.dll
0x00007ffdefd60000 - 0x00007ffdefdc4000 	C:\Windows\System32\PlayToDevice.dll
0x00007ffe0c490000 - 0x00007ffe0c4b0000 	C:\Windows\System32\DevDispItemProvider.dll
0x00007ffe13f90000 - 0x00007ffe14015000 	C:\WINDOWS\System32\MMDevApi.dll
0x00007ffe1dc00000 - 0x00007ffe1dc2c000 	C:\WINDOWS\System32\DEVOBJ.dll
0x00007ffda42a0000 - 0x00007ffda4341000 	C:\WINDOWS\system32\wpdshext.dll
0x00007ffe0d310000 - 0x00007ffe0d4b5000 	C:\WINDOWS\WinSxS\amd64_microsoft.windows.gdiplus_6595b64144ccf1df_1.1.19041.1706_none_919e8e54cc8d4ca1\gdiplus.dll
0x00007ffe17700000 - 0x00007ffe177a3000 	C:\Windows\System32\PortableDeviceApi.dll
0x00007ffe1fe50000 - 0x00007ffe202bf000 	C:\WINDOWS\System32\SETUPAPI.dll
0x00007ffe1df80000 - 0x00007ffe1dfe8000 	C:\WINDOWS\System32\WINTRUST.dll
0x00007ffe1e070000 - 0x00007ffe1e1c6000 	C:\WINDOWS\System32\CRYPT32.dll
0x00007ffe1da40000 - 0x00007ffe1da52000 	C:\WINDOWS\System32\MSASN1.dll
0x00007ffdd3f80000 - 0x00007ffdd3fb7000 	C:\Windows\System32\EhStorShell.dll
0x00007ffdf9190000 - 0x00007ffdf91b6000 	C:\Windows\System32\EhStorAPI.dll
0x00007ffe18ee0000 - 0x00007ffe18ef4000 	C:\Windows\System32\WTSAPI32.dll
0x00007ffe193f0000 - 0x00007ffe193fd000 	C:\WINDOWS\SYSTEM32\LINKINFO.dll
0x00007ffdf9170000 - 0x00007ffdf9181000 	C:\Users\Kilian\.jdks\openjdk-17.0.1\bin\jsound.dll
0x00007ffdff1a0000 - 0x00007ffdff23c000 	C:\WINDOWS\SYSTEM32\DSOUND.dll
0x00007ffe19330000 - 0x00007ffe19356000 	C:\WINDOWS\SYSTEM32\winmmbase.dll
0x00007ffdb6be0000 - 0x00007ffdb6c26000 	C:\WINDOWS\SYSTEM32\wdmaud.drv
0x00007ffe19930000 - 0x00007ffe19939000 	C:\WINDOWS\SYSTEM32\ksuser.dll
0x00007ffe17fd0000 - 0x00007ffe17fda000 	C:\WINDOWS\SYSTEM32\AVRT.dll
0x00007ffe0f4c0000 - 0x00007ffe0f642000 	C:\WINDOWS\SYSTEM32\AUDIOSES.DLL
0x00007ffdfb560000 - 0x00007ffdfb56d000 	C:\WINDOWS\SYSTEM32\msacm32.drv
0x00007ffdfeec0000 - 0x00007ffdfeede000 	C:\WINDOWS\SYSTEM32\MSACM32.dll
0x00007ffdfaf10000 - 0x00007ffdfaf1b000 	C:\WINDOWS\SYSTEM32\midimap.dll
0x00007ffe17d50000 - 0x00007ffe17e91000 	C:\Windows\System32\Windows.UI.dll
0x00007ffe16e90000 - 0x00007ffe16f31000 	C:\Windows\System32\WindowManagementAPI.dll
0x00007ffe17130000 - 0x00007ffe17282000 	C:\Windows\System32\InputHost.dll
0x00007ffe16b20000 - 0x00007ffe16d20000 	C:\WINDOWS\SYSTEM32\twinapi.appcore.dll
0x00007ffe1b540000 - 0x00007ffe1b554000 	C:\WINDOWS\SYSTEM32\resourcepolicyclient.dll
0x00007ffe16880000 - 0x00007ffe16a34000 	C:\WINDOWS\SYSTEM32\WindowsCodecs.dll

dbghelp: loaded successfully - version: 4.0.5 - missing functions: none
symbol engine: initialized successfully - sym options: 0x614 - pdb path: .;C:\Users\Kilian\.jdks\openjdk-17.0.1\bin;C:\WINDOWS\SYSTEM32;C:\WINDOWS\WinSxS\amd64_microsoft.windows.common-controls_6595b64144ccf1df_6.0.19041.1110_none_60b5254171f9507e;C:\Users\Kilian\.jdks\openjdk-17.0.1\bin\server;C:\Program Files\JetBrains\IntelliJ IDEA Community Edition 2020.3.2\bin;C:\WINDOWS\System32\DriverStore\FileRepository\c0360470.inf_amd64_b06c374aee20d185\B360357;C:\WINDOWS\WinSxS\amd64_microsoft.windows.common-controls_6595b64144ccf1df_5.82.19041.1110_none_792d1c772443f647;C:\WINDOWS\WinSxS\amd64_microsoft.windows.gdiplus_6595b64144ccf1df_1.1.19041.1706_none_919e8e54cc8d4ca1

VM Arguments:
jvm_args: -javaagent:C:\Program Files\JetBrains\IntelliJ IDEA Community Edition 2020.3.2\lib\idea_rt.jar=65356:C:\Program Files\JetBrains\IntelliJ IDEA Community Edition 2020.3.2\bin -Dfile.encoding=UTF-8 
java_command: Launcher
java_class_path (initial): C:\Users\Kilian\workspace\MurderMystery\target\classes
Launcher Type: SUN_STANDARD

[Global flags]
     intx CICompilerCount                          = 3                                         {product} {ergonomic}
     uint ConcGCThreads                            = 1                                         {product} {ergonomic}
     uint G1ConcRefinementThreads                  = 4                                         {product} {ergonomic}
   size_t G1HeapRegionSize                         = 2097152                                   {product} {ergonomic}
    uintx GCDrainStackTargetSize                   = 64                                        {product} {ergonomic}
   size_t InitialHeapSize                          = 268435456                                 {product} {ergonomic}
   size_t MarkStackSize                            = 4194304                                   {product} {ergonomic}
   size_t MaxHeapSize                              = 4273995776                                {product} {ergonomic}
   size_t MaxNewSize                               = 2562719744                                {product} {ergonomic}
   size_t MinHeapDeltaBytes                        = 2097152                                   {product} {ergonomic}
   size_t MinHeapSize                              = 8388608                                   {product} {ergonomic}
    uintx NonNMethodCodeHeapSize                   = 5832780                                {pd product} {ergonomic}
    uintx NonProfiledCodeHeapSize                  = 122912730                              {pd product} {ergonomic}
    uintx ProfiledCodeHeapSize                     = 122912730                              {pd product} {ergonomic}
    uintx ReservedCodeCacheSize                    = 251658240                              {pd product} {ergonomic}
     bool SegmentedCodeCache                       = true                                      {product} {ergonomic}
   size_t SoftMaxHeapSize                          = 4273995776                             {manageable} {ergonomic}
     bool UseCompressedClassPointers               = true                           {product lp64_product} {ergonomic}
     bool UseCompressedOops                        = true                           {product lp64_product} {ergonomic}
     bool UseG1GC                                  = true                                      {product} {ergonomic}
     bool UseLargePagesIndividualAllocation        = false                                  {pd product} {ergonomic}

Logging:
Log output configuration:
 #0: stdout all=warning uptime,level,tags
 #1: stderr all=off uptime,level,tags

Environment Variables:
PATH=C:\Program Files (x86)\NVIDIA Corporation\PhysX\Common;C:\Program Files\Common Files\Oracle\Java\javapath;C:\WINDOWS\system32;C:\WINDOWS;C:\WINDOWS\System32\Wbem;C:\WINDOWS\System32\WindowsPowerShell\v1.0\;C:\WINDOWS\System32\OpenSSH\;C:\Program Files\Git\cmd;C:\Program Files (x86)\QuickTime\QTSystem\;C:\Program Files\nodejs\;C:\Users\Kilian\AppData\Local\Programs\Python\Python39\Scripts\;C:\Users\Kilian\AppData\Local\Programs\Python\Python39\;C:\Users\Kilian\AppData\Local\Microsoft\WindowsApps;C:\Users\Kilian\AppData\Local\atom\bin;C:\Program Files\Java\jdk-15.0.1\bin;C:\Users\Kilian\AppData\Local\Programs\Microsoft VS Code\bin;C:\Program Files\apache-maven-3.8.4\bin;C:\Users\Kilian\AppData\Roaming\npm
USERNAME=Kilian
OS=Windows_NT
PROCESSOR_IDENTIFIER=Intel64 Family 6 Model 94 Stepping 3, GenuineIntel



---------------  S Y S T E M  ---------------

OS:
 Windows 10 , 64 bit Build 19041 (10.0.19041.1889)
OS uptime: 3 days 19:24 hours

CPU: total 4 (initial active 4) (4 cores per cpu, 1 threads per core) family 6 model 94 stepping 3 microcode 0xcc, cx8, cmov, fxsr, mmx, 3dnowpref, sse, sse2, sse3, ssse3, sse4.1, sse4.2, popcnt, lzcnt, tsc, tscinvbit, avx, avx2, aes, erms, clmul, bmi1, bmi2, rtm, adx, fma, vzeroupper, clflush, clflushopt

Memory: 4k page, system-wide physical 16303M (5616M free)
TotalPageFile size 26429M (AvailPageFile size 1M)
current process WorkingSet (physical memory assigned to process): 566M, peak: 566M
current process commit charge ("private bytes"): 717M, peak: 717M

vm_info: OpenJDK 64-Bit Server VM (17.0.1+12-39) for windows-amd64 JRE (17.0.1+12-39), built on Sep 27 2021 18:39:29 by "mach5one" with MS VC++ 16.8 (VS2019)

END.
